<?xml version="1.0" encoding="UTF-8"?>
<testsuites>
  <testsuite name="/app/phpunit.xml" tests="5" assertions="0" errors="5" failures="0" skipped="0" time="0.000000">
    <testsuite name="App" tests="5" assertions="0" errors="5" failures="0" skipped="0" time="0.000000">
      <testsuite name="ExampleDatabaseTest" file="/app/tests/database/ExampleDatabaseTest.php" tests="2" assertions="0" errors="2" failures="0" skipped="0" time="0.000000">
        <testcase name="testModelFindAll" file="/app/tests/database/ExampleDatabaseTest.php" line="17" class="ExampleDatabaseTest" classname="ExampleDatabaseTest" assertions="0" time="0.000000">
          <error type="Error">ExampleDatabaseTest::testModelFindAll
Error: Class "Locale" not found

/app/vendor/codeigniter4/framework/system/CodeIgniter.php:189
/app/vendor/codeigniter4/framework/system/Test/CIUnitTestCase.php:517
/app/vendor/codeigniter4/framework/system/Test/CIUnitTestCase.php:242</error>
        </testcase>
        <testcase name="testSoftDeleteLeavesRow" file="/app/tests/database/ExampleDatabaseTest.php" line="28" class="ExampleDatabaseTest" classname="ExampleDatabaseTest" assertions="0" time="0.000000">
          <error type="Error">ExampleDatabaseTest::testSoftDeleteLeavesRow
Error: Class "Locale" not found

/app/vendor/codeigniter4/framework/system/CodeIgniter.php:189
/app/vendor/codeigniter4/framework/system/Test/CIUnitTestCase.php:517
/app/vendor/codeigniter4/framework/system/Test/CIUnitTestCase.php:242</error>
        </testcase>
      </testsuite>
      <testsuite name="ExampleSessionTest" file="/app/tests/session/ExampleSessionTest.php" tests="1" assertions="0" errors="1" failures="0" skipped="0" time="0.000000">
        <testcase name="testSessionSimple" file="/app/tests/session/ExampleSessionTest.php" line="10" class="ExampleSessionTest" classname="ExampleSessionTest" assertions="0" time="0.000000">
          <error type="Error">ExampleSessionTest::testSessionSimple
Error: Class "Locale" not found

/app/vendor/codeigniter4/framework/system/CodeIgniter.php:189
/app/vendor/codeigniter4/framework/system/Test/CIUnitTestCase.php:517
/app/vendor/codeigniter4/framework/system/Test/CIUnitTestCase.php:242</error>
        </testcase>
      </testsuite>
      <testsuite name="HealthTest" file="/app/tests/unit/HealthTest.php" tests="2" assertions="0" errors="2" failures="0" skipped="0" time="0.000000">
        <testcase name="testIsDefinedAppPath" file="/app/tests/unit/HealthTest.php" line="12" class="HealthTest" classname="HealthTest" assertions="0" time="0.000000">
          <error type="Error">HealthTest::testIsDefinedAppPath
Error: Class "Locale" not found

/app/vendor/codeigniter4/framework/system/CodeIgniter.php:189
/app/vendor/codeigniter4/framework/system/Test/CIUnitTestCase.php:517
/app/vendor/codeigniter4/framework/system/Test/CIUnitTestCase.php:242</error>
        </testcase>
        <testcase name="testBaseUrlHasBeenSet" file="/app/tests/unit/HealthTest.php" line="17" class="HealthTest" classname="HealthTest" assertions="0" time="0.000000">
          <error type="Error">HealthTest::testBaseUrlHasBeenSet
Error: Class "Locale" not found

/app/vendor/codeigniter4/framework/system/CodeIgniter.php:189
/app/vendor/codeigniter4/framework/system/Test/CIUnitTestCase.php:517
/app/vendor/codeigniter4/framework/system/Test/CIUnitTestCase.php:242</error>
        </testcase>
      </testsuite>
    </testsuite>
  </testsuite>
</testsuites>
